# JRE version: Java(TM) SE Runtime Environment (8.0_201-b09) (build 1.8.0_201-b09)
# Java VM: Java HotSpot(TM) 64-Bit Server VM (25.201-b09 mixed mode windows-amd64 compressed oops)
Heap:
 PSYoungGen      total 214528K, used 80025K [0x00000000eb300000, 0x00000000f9e00000, 0x0000000100000000)
  eden space 202240K, 39% used [0x00000000eb300000,0x00000000f01267a8,0x00000000f7880000)
  from space 12288K, 0% used [0x00000000f8900000,0x00000000f8900000,0x00000000f9500000)
  to   space 16896K, 0% used [0x00000000f7880000,0x00000000f7880000,0x00000000f8900000)
 ParOldGen       total 96768K, used 92604K [0x00000000c1800000, 0x00000000c7680000, 0x00000000eb300000)
  object space 96768K, 95% used [0x00000000c1800000,0x00000000c726f290,0x00000000c7680000)
 Metaspace       used 15747K, capacity 16066K, committed 16256K, reserved 1062912K
  class space    used 1773K, capacity 1877K, committed 1920K, reserved 1048576K
GC Heap History (10 events):
Event: 22.759 GC heap before
{Heap before GC invocations=27 (full 9):
 PSYoungGen      total 214528K, used 202240K [0x00000000eb300000, 0x00000000f9e00000, 0x0000000100000000)
  eden space 202240K, 100% used [0x00000000eb300000,0x00000000f7880000,0x00000000f7880000)
  from space 12288K, 0% used [0x00000000f8900000,0x00000000f8900000,0x00000000f9500000)
  to   space 16896K, 0% used [0x00000000f7880000,0x00000000f7880000,0x00000000f8900000)
 ParOldGen       total 96768K, used 83814K [0x00000000c1800000, 0x00000000c7680000, 0x00000000eb300000)
  object space 96768K, 86% used [0x00000000c1800000,0x00000000c69d9868,0x00000000c7680000)
 Metaspace       used 13717K, capacity 14008K, committed 14208K, reserved 1062912K
  class space    used 1501K, capacity 1620K, committed 1664K, reserved 1048576K
Event: 23.221 GC heap after
Heap after GC invocations=27 (full 9):
 PSYoungGen      total 214528K, used 17228K [0x00000000eb300000, 0x00000000f9e00000, 0x0000000100000000)
  eden space 202240K, 8% used [0x00000000eb300000,0x00000000ec3d3088,0x00000000f7880000)
  from space 12288K, 0% used [0x00000000f8900000,0x00000000f8900000,0x00000000f9500000)
  to   space 16896K, 0% used [0x00000000f7880000,0x00000000f7880000,0x00000000f8900000)
 ParOldGen       total 96768K, used 96630K [0x00000000c1800000, 0x00000000c7680000, 0x00000000eb300000)
  object space 96768K, 99% used [0x00000000c1800000,0x00000000c765da08,0x00000000c7680000)
 Metaspace       used 13717K, capacity 14008K, committed 14208K, reserved 1062912K
  class space    used 1501K, capacity 1620K, committed 1664K, reserved 1048576K
}
Event: 23.895 GC heap before
{Heap before GC invocations=28 (full 10):
 PSYoungGen      total 214528K, used 202240K [0x00000000eb300000, 0x00000000f9e00000, 0x0000000100000000)
  eden space 202240K, 100% used [0x00000000eb300000,0x00000000f7880000,0x00000000f7880000)
  from space 12288K, 0% used [0x00000000f8900000,0x00000000f8900000,0x00000000f9500000)
  to   space 16896K, 0% used [0x00000000f7880000,0x00000000f7880000,0x00000000f8900000)
 ParOldGen       total 96768K, used 96630K [0x00000000c1800000, 0x00000000c7680000, 0x00000000eb300000)
  object space 96768K, 99% used [0x00000000c1800000,0x00000000c765da08,0x00000000c7680000)
 Metaspace       used 13723K, capacity 14008K, committed 14208K, reserved 1062912K
  class space    used 1501K, capacity 1620K, committed 1664K, reserved 1048576K
Event: 24.005 GC heap after
Heap after GC invocations=28 (full 10):
 PSYoungGen      total 214528K, used 5155K [0x00000000eb300000, 0x00000000f9e00000, 0x0000000100000000)
  eden space 202240K, 2% used [0x00000000eb300000,0x00000000eb808dc0,0x00000000f7880000)
  from space 12288K, 0% used [0x00000000f8900000,0x00000000f8900000,0x00000000f9500000)
  to   space 16896K, 0% used [0x00000000f7880000,0x00000000f7880000,0x00000000f8900000)
 ParOldGen       total 96768K, used 96737K [0x00000000c1800000, 0x00000000c7680000, 0x00000000eb300000)
  object space 96768K, 99% used [0x00000000c1800000,0x00000000c76784c8,0x00000000c7680000)
 Metaspace       used 13723K, capacity 14008K, committed 14208K, reserved 1062912K
  class space    used 1501K, capacity 1620K, committed 1664K, reserved 1048576K
}
Event: 25.231 GC heap before
{Heap before GC invocations=29 (full 11):
 PSYoungGen      total 214528K, used 202240K [0x00000000eb300000, 0x00000000f9e00000, 0x0000000100000000)
  eden space 202240K, 100% used [0x00000000eb300000,0x00000000f7880000,0x00000000f7880000)
  from space 12288K, 0% used [0x00000000f8900000,0x00000000f8900000,0x00000000f9500000)
  to   space 16896K, 0% used [0x00000000f7880000,0x00000000f7880000,0x00000000f8900000)
 ParOldGen       total 96768K, used 96737K [0x00000000c1800000, 0x00000000c7680000, 0x00000000eb300000)
  object space 96768K, 99% used [0x00000000c1800000,0x00000000c76784c8,0x00000000c7680000)
 Metaspace       used 13732K, capacity 14008K, committed 14208K, reserved 1062912K
  class space    used 1501K, capacity 1620K, committed 1664K, reserved 1048576K
Event: 25.318 GC heap after
Heap after GC invocations=29 (full 11):
 PSYoungGen      total 214528K, used 0K [0x00000000eb300000, 0x00000000f9e00000, 0x0000000100000000)
  eden space 202240K, 0% used [0x00000000eb300000,0x00000000eb300000,0x00000000f7880000)
  from space 12288K, 0% used [0x00000000f8900000,0x00000000f8900000,0x00000000f9500000)
  to   space 16896K, 0% used [0x00000000f7880000,0x00000000f7880000,0x00000000f8900000)
 ParOldGen       total 96768K, used 85316K [0x00000000c1800000, 0x00000000c7680000, 0x00000000eb300000)
  object space 96768K, 88% used [0x00000000c1800000,0x00000000c6b510f8,0x00000000c7680000)
 Metaspace       used 13732K, capacity 14008K, committed 14208K, reserved 1062912K
  class space    used 1501K, capacity 1620K, committed 1664K, reserved 1048576K
}
Event: 26.578 GC heap before
{Heap before GC invocations=30 (full 12):
 PSYoungGen      total 214528K, used 202240K [0x00000000eb300000, 0x00000000f9e00000, 0x0000000100000000)
  eden space 202240K, 100% used [0x00000000eb300000,0x00000000f7880000,0x00000000f7880000)
  from space 12288K, 0% used [0x00000000f8900000,0x00000000f8900000,0x00000000f9500000)
  to   space 16896K, 0% used [0x00000000f7880000,0x00000000f7880000,0x00000000f8900000)
 ParOldGen       total 96768K, used 85316K [0x00000000c1800000, 0x00000000c7680000, 0x00000000eb300000)
  object space 96768K, 88% used [0x00000000c1800000,0x00000000c6b510f8,0x00000000c7680000)
 Metaspace       used 13734K, capacity 14008K, committed 14208K, reserved 1062912K
  class space    used 1501K, capacity 1620K, committed 1664K, reserved 1048576K
Event: 26.669 GC heap after
Heap after GC invocations=30 (full 12):
 PSYoungGen      total 214528K, used 0K [0x00000000eb300000, 0x00000000f9e00000, 0x0000000100000000)
  eden space 202240K, 0% used [0x00000000eb300000,0x00000000eb300000,0x00000000f7880000)
  from space 12288K, 0% used [0x00000000f8900000,0x00000000f8900000,0x00000000f9500000)
  to   space 16896K, 0% used [0x00000000f7880000,0x00000000f7880000,0x00000000f8900000)
 ParOldGen       total 96768K, used 89951K [0x00000000c1800000, 0x00000000c7680000, 0x00000000eb300000)
  object space 96768K, 92% used [0x00000000c1800000,0x00000000c6fd7f28,0x00000000c7680000)
 Metaspace       used 13734K, capacity 14008K, committed 14208K, reserved 1062912K
  class space    used 1501K, capacity 1620K, committed 1664K, reserved 1048576K
}
Event: 27.886 GC heap before
{Heap before GC invocations=31 (full 13):
 PSYoungGen      total 214528K, used 202240K [0x00000000eb300000, 0x00000000f9e00000, 0x0000000100000000)
  eden space 202240K, 100% used [0x00000000eb300000,0x00000000f7880000,0x00000000f7880000)
  from space 12288K, 0% used [0x00000000f8900000,0x00000000f8900000,0x00000000f9500000)
  to   space 16896K, 0% used [0x00000000f7880000,0x00000000f7880000,0x00000000f8900000)
 ParOldGen       total 96768K, used 89951K [0x00000000c1800000, 0x00000000c7680000, 0x00000000eb300000)
  object space 96768K, 92% used [0x00000000c1800000,0x00000000c6fd7f28,0x00000000c7680000)
 Metaspace       used 13734K, capacity 14008K, committed 14208K, reserved 1062912K
  class space    used 1501K, capacity 1620K, committed 1664K, reserved 1048576K
Event: 27.971 GC heap after
Heap after GC invocations=31 (full 13):
 PSYoungGen      total 214528K, used 0K [0x00000000eb300000, 0x00000000f9e00000, 0x0000000100000000)
  eden space 202240K, 0% used [0x00000000eb300000,0x00000000eb300000,0x00000000f7880000)
  from space 12288K, 0% used [0x00000000f8900000,0x00000000f8900000,0x00000000f9500000)
  to   space 16896K, 0% used [0x00000000f7880000,0x00000000f7880000,0x00000000f8900000)
 ParOldGen       total 96768K, used 92604K [0x00000000c1800000, 0x00000000c7680000, 0x00000000eb300000)
  object space 96768K, 95% used [0x00000000c1800000,0x00000000c726f290,0x00000000c7680000)
 Metaspace       used 13734K, capacity 14008K, committed 14208K, reserved 1062912K
  class space    used 1501K, capacity 1620K, committed 1664K, reserved 1048576K
}

